Using pre-set license
Built from '2020.3/staging' branch; Version is '2020.3.4f1 (0abb6314276a) revision 703331'; Using compiler version '192528614'; Build Type 'Release'
OS: 'Windows 10 Pro; OS build 19042.867; Version 2009; 64bit' Language: 'pt' Physical Memory: 16254 MB
BatchMode: 1, IsHumanControllingUs: 0, StartBugReporterOnCrash: 0, Is64bit: 1, IsPro: 0

 COMMAND LINE ARGUMENTS:
C:\Program Files\Unity\Hub\Editor\2020.3.4f1\Editor\Unity.exe
-adb2
-batchMode
-noUpm
-name
AssetImportWorker0
-projectPath
C:/Users/vinicius.godinho/Documents/GitHub/unity-mirror-hello-world/Mirror Hello World
-logFile
Logs/AssetImportWorker0.log
-srvPort
55089
Successfully changed project path to: C:/Users/vinicius.godinho/Documents/GitHub/unity-mirror-hello-world/Mirror Hello World
C:/Users/vinicius.godinho/Documents/GitHub/unity-mirror-hello-world/Mirror Hello World
Using Asset Import Pipeline V2.
Refreshing native plugins compatible for Editor in 92.10 ms, found 0 plugins.
Preloading 0 native plugins for Editor in 0.00 ms.
Initialize engine version: 2020.3.4f1 (0abb6314276a)
[Subsystems] Discovering subsystems at path C:/Program Files/Unity/Hub/Editor/2020.3.4f1/Editor/Data/Resources/UnitySubsystems
[Subsystems] Discovering subsystems at path C:/Users/vinicius.godinho/Documents/GitHub/unity-mirror-hello-world/Mirror Hello World/Assets
GfxDevice: creating device client; threaded=0
Direct3D:
    Version:  Direct3D 11.0 [level 11.1]
    Renderer: Intel(R) UHD Graphics 620 (ID=0x3ea0)
    Vendor:   
    VRAM:     8127 MB
    Driver:   26.20.100.8141
Initialize mono
Mono path[0] = 'C:/Program Files/Unity/Hub/Editor/2020.3.4f1/Editor/Data/Managed'
Mono path[1] = 'C:/Program Files/Unity/Hub/Editor/2020.3.4f1/Editor/Data/MonoBleedingEdge/lib/mono/unityjit'
Mono config path = 'C:/Program Files/Unity/Hub/Editor/2020.3.4f1/Editor/Data/MonoBleedingEdge/etc'
Using monoOptions --debugger-agent=transport=dt_socket,embedding=1,server=y,suspend=n,address=127.0.0.1:56488
Begin MonoManager ReloadAssembly
Registering precompiled unity dll's ...
Register platform support module: C:/Program Files/Unity/Hub/Editor/2020.3.4f1/Editor/Data/PlaybackEngines/WebGLSupport/UnityEditor.WebGL.Extensions.dll
Register platform support module: C:/Program Files/Unity/Hub/Editor/2020.3.4f1/Editor/Data/PlaybackEngines/WindowsStandaloneSupport/UnityEditor.WindowsStandalone.Extensions.dll
Registered in 0.493644 seconds.
Native extension for WindowsStandalone target not found
Native extension for WebGL target not found
Refreshing native plugins compatible for Editor in 69.17 ms, found 0 plugins.
Preloading 0 native plugins for Editor in 0.00 ms.
Mono: successfully reloaded assembly
- Completed reload, in 14.949 seconds
Platform modules already initialized, skipping
Registering precompiled user dll's ...
Registered in 0.008383 seconds.
Begin MonoManager ReloadAssembly
Native extension for WindowsStandalone target not found
Native extension for WebGL target not found
Refreshing native plugins compatible for Editor in 0.63 ms, found 0 plugins.
Preloading 0 native plugins for Editor in 0.00 ms.
Find all reader and writers took 317 milliseconds
Script Module: UnityEngine.UI.dll
Weave behaviours and messages took321 milliseconds
Find all reader and writers took 273 milliseconds
Script Module: UnityEngine.TestRunner.dll
Weave behaviours and messages took120 milliseconds
Find all reader and writers took 269 milliseconds
Script Module: SimpleWebTransport.dll
Weave behaviours and messages took31 milliseconds
Find all reader and writers took 281 milliseconds
Script Module: Unity.Timeline.dll
Weave behaviours and messages took142 milliseconds
Find all reader and writers took 336 milliseconds
Script Module: Unity.TextMeshPro.dll
Weave behaviours and messages took386 milliseconds
Find all reader and writers took 243 milliseconds
Script Module: Telepathy.dll
Weave behaviours and messages took11 milliseconds
Find all reader and writers took 258 milliseconds
Script Module: kcp2k.dll
Weave behaviours and messages took24 milliseconds
Find all reader and writers took 263 milliseconds
Script Module: Mirror.Examples.Cloud.GUI.dll
Weave behaviours and messages took16 milliseconds
Find all reader and writers took 271 milliseconds
Script Module: Mirror.Cloud.dll
Weave behaviours and messages took15 milliseconds
