Using pre-set license
Built from '2020.3/staging' branch; Version is '2020.3.4f1 (0abb6314276a) revision 703331'; Using compiler version '192528614'; Build Type 'Release'
OS: 'Windows 10 Pro; OS build 19042.867; Version 2009; 64bit' Language: 'pt' Physical Memory: 16254 MB
BatchMode: 1, IsHumanControllingUs: 0, StartBugReporterOnCrash: 0, Is64bit: 1, IsPro: 0

 COMMAND LINE ARGUMENTS:
C:\Program Files\Unity\Hub\Editor\2020.3.4f1\Editor\Unity.exe
-adb2
-batchMode
-noUpm
-name
AssetImportWorker1
-projectPath
C:/Users/vinicius.godinho/Documents/GitHub/unity-mirror-hello-world/Mirror Hello World
-logFile
Logs/AssetImportWorker1.log
-srvPort
55089
Successfully changed project path to: C:/Users/vinicius.godinho/Documents/GitHub/unity-mirror-hello-world/Mirror Hello World
C:/Users/vinicius.godinho/Documents/GitHub/unity-mirror-hello-world/Mirror Hello World
Using Asset Import Pipeline V2.
Refreshing native plugins compatible for Editor in 66.93 ms, found 0 plugins.
Preloading 0 native plugins for Editor in 0.00 ms.
Initialize engine version: 2020.3.4f1 (0abb6314276a)
[Subsystems] Discovering subsystems at path C:/Program Files/Unity/Hub/Editor/2020.3.4f1/Editor/Data/Resources/UnitySubsystems
[Subsystems] Discovering subsystems at path C:/Users/vinicius.godinho/Documents/GitHub/unity-mirror-hello-world/Mirror Hello World/Assets
GfxDevice: creating device client; threaded=0
Direct3D:
    Version:  Direct3D 11.0 [level 11.1]
    Renderer: Intel(R) UHD Graphics 620 (ID=0x3ea0)
    Vendor:   
    VRAM:     8127 MB
    Driver:   26.20.100.8141
Initialize mono
Mono path[0] = 'C:/Program Files/Unity/Hub/Editor/2020.3.4f1/Editor/Data/Managed'
Mono path[1] = 'C:/Program Files/Unity/Hub/Editor/2020.3.4f1/Editor/Data/MonoBleedingEdge/lib/mono/unityjit'
Mono config path = 'C:/Program Files/Unity/Hub/Editor/2020.3.4f1/Editor/Data/MonoBleedingEdge/etc'
Using monoOptions --debugger-agent=transport=dt_socket,embedding=1,server=y,suspend=n,address=127.0.0.1:56608
Begin MonoManager ReloadAssembly
Registering precompiled unity dll's ...
Register platform support module: C:/Program Files/Unity/Hub/Editor/2020.3.4f1/Editor/Data/PlaybackEngines/WebGLSupport/UnityEditor.WebGL.Extensions.dll
Register platform support module: C:/Program Files/Unity/Hub/Editor/2020.3.4f1/Editor/Data/PlaybackEngines/WindowsStandaloneSupport/UnityEditor.WindowsStandalone.Extensions.dll
Registered in 0.005358 seconds.
Native extension for WindowsStandalone target not found
Native extension for WebGL target not found
Refreshing native plugins compatible for Editor in 65.21 ms, found 0 plugins.
Preloading 0 native plugins for Editor in 0.00 ms.
Mono: successfully reloaded assembly
- Completed reload, in  5.730 seconds
Platform modules already initialized, skipping
Registering precompiled user dll's ...
Registered in 0.005327 seconds.
Begin MonoManager ReloadAssembly
Native extension for WindowsStandalone target not found
Native extension for WebGL target not found
Refreshing native plugins compatible for Editor in 0.57 ms, found 0 plugins.
Preloading 0 native plugins for Editor in 0.00 ms.
Find all reader and writers took 349 milliseconds
Script Module: UnityEngine.UI.dll
Weave behaviours and messages took335 milliseconds
Find all reader and writers took 278 milliseconds
Script Module: UnityEngine.TestRunner.dll
Weave behaviours and messages took123 milliseconds
Find all reader and writers took 265 milliseconds
Script Module: SimpleWebTransport.dll
Weave behaviours and messages took32 milliseconds
Find all reader and writers took 301 milliseconds
Script Module: Unity.Timeline.dll
Weave behaviours and messages took142 milliseconds
Find all reader and writers took 331 milliseconds
Script Module: Unity.TextMeshPro.dll
Weave behaviours and messages took365 milliseconds
Find all reader and writers took 304 milliseconds
Script Module: Telepathy.dll
Weave behaviours and messages took18 milliseconds
Find all reader and writers took 253 milliseconds
Script Module: kcp2k.dll
Weave behaviours and messages took18 milliseconds
Find all reader and writers took 252 milliseconds
Script Module: Mirror.Examples.Cloud.GUI.dll
Weave behaviours and messages took15 milliseconds
Find all reader and writers took 295 milliseconds
Script Module: Mirror.Cloud.dll
Weave behaviours and messages took20 milliseconds
Find all reader and writers took 388 milliseconds
Script Module: UnityEditor.TestRunner.dll
Weave behaviours and messages took197 milliseconds
Find all reader and writers took 384 milliseconds
Script Module: UnityEditor.UI.dll
Weave behaviours and messages took65 milliseconds
Find all reader and writers took 312 milliseconds
Script Module: Mirror.CompilerSymbols.dll
Weave behaviours and messages took0 milliseconds
Mono: successfully reloaded assembly
- Completed reload, in 14.300 seconds
Platform modules already initialized, skipping
========================================================================
Worker process is ready to serve import requests
Launched and connected shader compiler UnityShaderCompiler.exe after 0.12 seconds
Refreshing native plugins compatible for Editor in 0.46 ms, found 0 plugins.
Preloading 0 native plugins for Editor in 0.00 ms.
Unloading 1374 Unused Serialized files (Serialized files now loaded: 0)
System memory in use before: 64.7 MB.
System memory in use after: 64.8 MB.

Unloading 14 unused Assets to reduce memory usage. Loaded Objects now: 1812.
Total: 7.313800 ms (FindLiveObjects: 0.348500 ms CreateObjectMapping: 0.153300 ms MarkObjects: 6.686800 ms  DeleteObjects: 0.122400 ms)

========================================================================
Received Import Request.
  path: Assets/Game/Scenes/Example.unity
  artifactKey: Guid(9fc0d4010bbf28b4594072e72b8655ab) Importer(815301076,1909f56bfc062723c751e8b465ee728b)
Start importing Assets/Game/Scenes/Example.unity using Guid(9fc0d4010bbf28b4594072e72b8655ab) Importer(815301076,1909f56bfc062723c751e8b465ee728b)  -> (artifact id: 'f8ac2f99af3436fb2525fac01cccc791') in 0.032652 seconds
  Import took 0.037080 seconds .

========================================================================
Received Prepare
Registering precompiled user dll's ...
Registered in 0.005580 seconds.
Begin MonoManager ReloadAssembly
Native extension for WindowsStandalone target not found
Native extension for WebGL target not found
Refreshing native plugins compatible for Editor in 0.59 ms, found 0 plugins.
Preloading 0 native plugins for Editor in 0.00 ms.
Mono: successfully reloaded assembly
- Completed reload, in  2.277 seconds
Platform modules already initialized, skipping
Refreshing native plugins compatible for Editor in 0.47 ms, found 0 plugins.
Preloading 0 native plugins for Editor in 0.00 ms.
Unloading 1368 Unused Serialized files (Serialized files now loaded: 0)
System memory in use before: 64.6 MB.
System memory in use after: 64.7 MB.

Unloading 9 unused Assets to reduce memory usage. Loaded Objects now: 1815.
Total: 4.120100 ms (FindLiveObjects: 0.243300 ms CreateObjectMapping: 0.087900 ms MarkObjects: 3.740800 ms  DeleteObjects: 0.045100 ms)

AssetImportWorkerClient::OnTransportError - code=2 error=End of file
